
ROM used:   2786/32768 (9%)
            2786/32768 (9%) including unused fragments

            0.8 Average locations per line
            3.7 Average locations per statement

RAM used:   142/1536 (9%) at main() level
            170/1536 (11%) worst case

Stack used: 3 worst case (1 in main + 2 for interrupts)
Stack size: 31

Lines Stmts  %   Files
----- ----- ---  -----
  336   242  32  lorawan_valve_timer_a.c
  989     0   0  ..\Program Files (x86)\PICC\Devices\18F25K22.h
 1351   359  48  ..\Program Files (x86)\PICC\Drivers\stdlib.h
   32     0   0  ..\Program Files (x86)\PICC\Drivers\stddef.h
  423   125  17  ..\Program Files (x86)\PICC\Drivers\string.h
   28     0   0  ..\Program Files (x86)\PICC\Drivers\ctype.h
  329    25   3  ..\Program Files (x86)\PICC\Drivers\internal_eeprom.c
----- -----
 3488   751 Total

Page ROM  %  RAM   Vol Diff  Functions:
---- --- --- ---   --- ----  ----------
0     38   1    1             @delay_ms1
0    226   4    2  1396  8.3  RDA_isr
0    102   2    0  1100  2.4  parse_packet
0    992  18    1  3594  3.9  Task_RxProcess
0     26   0    0    72  2.4  @const1050
0     32   1    3   738  6.6  @PSTRINGCN_9600_31766_31767
0     40   1    2  1324  4.8  @PSTRINGR_9600_31766_31767
0     50   1    0             @const1054
0     50   1    0             @const1055
0    346   6    1   614  3.8  Task_TxValve
0     48   1    0             @const1066
0    224   4    0   650  4.8  Task_TimeClock
0    434   8    1   581  2.9  MAIN
0     32   1    0             @const1072
 Inline         0             @cinit1

Program metrics:
    Functions               9
    Statements              751
    Comments                1111
    Volume (V)              14346
    Difficulty (D)          40.1
    Effort to implement (E) 575555
    Time to implement (T)   8 hours, 53 minutes
    Est Delivered Bugs (B)  2
    Cyclomatic Complexity   60
    Maintainability (MI)    10

 Segment     Used  Free
-----------  ----  ----
00000-00002     4  0  
00004-00006     0  4  
00008-00094   142  0  
00096-07FFE  2640  29978  



