
ROM used:   2640/32768 (8%)
            2640/32768 (8%) including unused fragments

            0.8 Average locations per line
            3.4 Average locations per statement

RAM used:   133/1536 (9%) at main() level
            142/1536 (9%) worst case

Stack used: 3 worst case (2 in main + 1 for interrupts)
Stack size: 31

Lines Stmts  %   Files
----- ----- ---  -----
  332   259  34  PIC_LORA.c
  989     0   0  ..\Program Files (x86)\PICC\Devices\18F25K22.h
 1351   359  47  ..\Program Files (x86)\PICC\Drivers\stdlib.h
   32     0   0  ..\Program Files (x86)\PICC\Drivers\stddef.h
  423   125  16  ..\Program Files (x86)\PICC\Drivers\string.h
   28     0   0  ..\Program Files (x86)\PICC\Drivers\ctype.h
  329    25   3  ..\Program Files (x86)\PICC\Drivers\internal_eeprom.c
----- -----
 3484   768 Total

Page ROM  %  RAM   Vol Diff  Functions:
---- --- --- ---   --- ----  ----------
0     38   1    1             @delay_ms1
0     20   0    0    59  1.6  setup_timer1_for_1s_interrupt
0    186   4    2   550  4.3  timer1_isr
0    152   3    2   738  6.6  RDA_isr
0    330   6    1  1324  4.8  txvalve
0     30   1    0             @const1068
0    678  13    0  1790  2.9  parse_packet
0     26   0    0             @const1104
0     34   1    2             @PSTRINGC_9600_31766_31767
0     14   0    0             @const1106
0     32   1    3             @PSTRINGCN_9600_31766_31767
0     14   0    0             @const1109
0     40   1    2             @PSTRINGR_9600_31766_31767
0     22   0    0             @const1111
0     22   0    0             @const1112
0     22   0    0             @const1113
0     22   0    0             @const1114
0     22   0    0             @const1115
0     22   0    0             @const1116
0     22   0    0             @const1117
0     22   0    0             @const1118
0     24   0    0             @const1119
0    688  13    1  3990  4.0  MAIN
 Inline         0             @cinit1

Program metrics:
    Functions               6
    Statements              768
    Comments                1086
    Volume (V)              11065
    Difficulty (D)          23.7
    Effort to implement (E) 262635
    Time to implement (T)   4 hours, 3 minutes
    Est Delivered Bugs (B)  1
    Cyclomatic Complexity   48
    Maintainability (MI)    97

 Segment     Used  Free
-----------  ----  ----
00000-00002     4  0  
00004-00006     0  4  
00008-000A0   154  0  
000A2-07FFE  2482  30124  



